<?xml version="1.0" encoding="UTF-8"?><testrun name="testRunner" project="Cucumber" tests="2" started="2" failures="0" errors="2" ignored="0">
  <testsuite name="Runner.testRunner" time="0.39">
    <testsuite name="Application Login" time="0.39">
      <testcase name="Home page default login #1" classname="Application Login" time="0.383">
        <error>io.cucumber.junit.UndefinedStepException: The step 'Initialize the browser with chrome' is undefined.
You can implement this step using the snippet(s) below:

@Given("Initialize the browser with chrome")
public void initialize_the_browser_with_chrome() {
    // Write code here that turns the phrase above into concrete actions
    throw new io.cucumber.java.PendingException();
}
&#13;
&#13;
</error>
      </testcase>
      <testcase name="Home page default login #2" classname="Application Login" time="0.004">
        <error>io.cucumber.junit.UndefinedStepException: The step 'Initialize the browser with chrome' is undefined.
You can implement this step using the snippet(s) below:

@Given("Initialize the browser with chrome")
public void initialize_the_browser_with_chrome() {
    // Write code here that turns the phrase above into concrete actions
    throw new io.cucumber.java.PendingException();
}
&#13;
&#13;
</error>
      </testcase>
    </testsuite>
  </testsuite>
</testrun>
