<?xml version="1.0" encoding="UTF-8"?>
<testng-results ignored="0" total="1" passed="1" failed="0" skipped="0">
  <reporter-output>
  </reporter-output>
  <suite started-at="2021-10-27T09:57:26 IST" name="Suite" finished-at="2021-10-27T09:57:26 IST" duration-ms="55">
    <groups>
    </groups>
    <test started-at="2021-10-27T09:57:26 IST" name="Test" finished-at="2021-10-27T09:57:26 IST" duration-ms="55">
      <class name="com.TestNGDemo.ParaMPassingDemo">
        <test-method signature="loginTest(java.lang.String,java.lang.String)[pri:0, instance:com.TestNGDemo.ParaMPassingDemo@43301423]" started-at="2021-10-27T09:57:26 IST" name="loginTest" finished-at="2021-10-27T09:57:26 IST" duration-ms="8" status="PASS">
          <params>
            <param index="0">
              <value>
                <![CDATA[Swati]]>
              </value>
            </param>
            <param index="1">
              <value>
                <![CDATA[12345]]>
              </value>
            </param>
          </params>
          <reporter-output>
          </reporter-output>
        </test-method> <!-- loginTest -->
      </class> <!-- com.TestNGDemo.ParaMPassingDemo -->
    </test> <!-- Test -->
  </suite> <!-- Suite -->
</testng-results>
