<?xml version="1.0" encoding="UTF-8"?>
<testng-results ignored="0" total="2" passed="2" failed="0" skipped="0">
  <reporter-output>
  </reporter-output>
  <suite started-at="2021-10-29T08:47:41 IST" name="Default suite" finished-at="2021-10-29T08:47:59 IST" duration-ms="18443">
    <groups>
    </groups>
    <test started-at="2021-10-29T08:47:41 IST" name="Default test" finished-at="2021-10-29T08:47:59 IST" duration-ms="18443">
      <class name="Final_Demo.HomePage">
        <test-method signature="homePageNavigation(java.lang.String,java.lang.String)[pri:0, instance:Final_Demo.HomePage@1534f01b]" started-at="2021-10-29T08:47:41 IST" name="homePageNavigation" data-provider="getData" finished-at="2021-10-29T08:47:51 IST" duration-ms="10488" status="PASS">
          <params>
            <param index="0">
              <value>
                <![CDATA[test@test.com]]>
              </value>
            </param>
            <param index="1">
              <value>
                <![CDATA[Password123]]>
              </value>
            </param>
          </params>
          <reporter-output>
          </reporter-output>
        </test-method> <!-- homePageNavigation -->
        <test-method signature="homePageNavigation(java.lang.String,java.lang.String)[pri:0, instance:Final_Demo.HomePage@1534f01b]" started-at="2021-10-29T08:47:51 IST" name="homePageNavigation" data-provider="getData" finished-at="2021-10-29T08:47:59 IST" duration-ms="7899" status="PASS">
          <params>
            <param index="0">
              <value>
                <![CDATA[test@test.com]]>
              </value>
            </param>
            <param index="1">
              <value>
                <![CDATA[Password09876]]>
              </value>
            </param>
          </params>
          <reporter-output>
          </reporter-output>
        </test-method> <!-- homePageNavigation -->
      </class> <!-- Final_Demo.HomePage -->
    </test> <!-- Default test -->
  </suite> <!-- Default suite -->
</testng-results>
